<?xml version="1.0" encoding="UTF-8"?>
<testsuite xmlns:xsi="http://www.w3.org/2001/XMLSchema-instance" xsi:noNamespaceSchemaLocation="https://maven.apache.org/surefire/maven-surefire-plugin/xsd/surefire-test-report-3.0.xsd" version="3.0" name="com.netquest.wifispotvisit.unit.WifiSpotVisitStartDateTimeTest" time="0.029" tests="5" errors="0" skipped="0" failures="0">
  <properties>
[...]
</properties>
  <testcase name="WifiSpotVisitStartDateTimeEqualsTest" classname="com.netquest.wifispotvisit.unit.WifiSpotVisitStartDateTimeTest" time="0.005"/>
  <testcase name="WifiSpotVisitStartDateTimeBiggerTest" classname="com.netquest.wifispotvisit.unit.WifiSpotVisitStartDateTimeTest" time="0.003"/>
  <testcase name="WifiSpotVisitStartDateTimeFutureTest" classname="com.netquest.wifispotvisit.unit.WifiSpotVisitStartDateTimeTest" time="0.004"/>
  <testcase name="WifiSpotVisitStartDateTimeSmallerTest" classname="com.netquest.wifispotvisit.unit.WifiSpotVisitStartDateTimeTest" time="0.002"/>
  <testcase name="WifiSpotVisitStartDateTimeNullTest" classname="com.netquest.wifispotvisit.unit.WifiSpotVisitStartDateTimeTest" time="0.004"/>
</testsuite>